<?xml version="1.0" encoding="UTF-8"?>
<robot generator="Robot 5.0.1 (Python 3.10.6 on win32)" generated="20240730 00:16:07.519" rpa="false" schemaversion="3">
<suite id="s1" name="API" source="C:\Users\NOMAN\PycharmProjects\RobotFramework\Automation\API.robot">
<test id="s1-t1" name="Getting data successfully and verifing response code and format" line="11">
<kw name="Create Session" library="RequestsLibrary">
<arg>mysession</arg>
<arg>https://datausa.io</arg>
<doc>Create Session: create a HTTP session to a server</doc>
<msg timestamp="20240730 00:16:07.699" level="INFO">Creating Session using : alias=mysession, url=https://datausa.io, headers={},                     cookies={}, auth=None, timeout=None, proxies=None, verify=False,                     debug=0 </msg>
<status status="PASS" starttime="20240730 00:16:07.699" endtime="20240730 00:16:07.699"/>
</kw>
<kw name="GET On Session" library="RequestsLibrary">
<var>${response}</var>
<arg>mysession</arg>
<arg>/api/data?${correct_parameters}</arg>
<doc>Sends a GET request on a previously created HTTP Session.</doc>
<msg timestamp="20240730 00:16:07.940" level="INFO">GET Request : url=https://datausa.io/api/data?drilldowns=Nation&amp;measures=Population&amp;year=latest 
 path_url=/api/data?drilldowns=Nation&amp;measures=Population&amp;year=latest 
 headers={'User-Agent': 'python-requests/2.28.1', 'Accept-Encoding': 'gzip, deflate', 'Accept': '*/*', 'Connection': 'keep-alive'} 
 body=None 
 </msg>
<msg timestamp="20240730 00:16:07.940" level="INFO">GET Response : url=https://datausa.io/api/data?drilldowns=Nation&amp;measures=Population&amp;year=latest 
 status=200, reason=OK 
 headers={'Date': 'Mon, 29 Jul 2024 21:16:07 GMT', 'Content-Type': 'application/json; charset=utf-8', 'Transfer-Encoding': 'chunked', 'Connection': 'keep-alive', 'x-dns-prefetch-control': 'off', 'strict-transport-security': 'max-age=15552000; includeSubDomains, max-age=15552000; includeSubDomains', 'x-download-options': 'noopen', 'x-content-type-options': 'nosniff', 'x-xss-protection': '1; mode=block', 'content-language': 'en', 'etag': 'W/"249-T4K95qS4U3wM6EF5od3XyChJTPI"', 'vary': 'Accept-Encoding', 'last-modified': 'Sun, 28 Jul 2024 07:10:34 GMT', 'x-cache-status': 'HIT', 'x-frame-options': 'SAMEORIGIN', 'access-control-allow-origin': '*', 'access-control-allow-credentials': 'true', 'access-control-allow-methods': 'GET, POST, OPTIONS', 'access-control-allow-headers': 'DNT,X-CustomHeader,Keep-Alive,User-Agent,X-Requested-With,If-Modified-Since,Cache-Control,Content-Type', 'referrer-policy': 'no-referrer', 'x-host': 'datausa.io', 'x-cache-key': 'https://datausa.io/api/data?drilldowns=Nation&amp;measures=Population&amp;year=latest', 'Cache-Control': 'max-age=1800', 'CF-Cache-Status': 'HIT', 'Age': '4039', 'Report-To': '{"endpoints":[{"url":"https:\\/\\/a.nel.cloudflare.com\\/report\\/v4?s=d%2F%2BeVg3JyLfP4K6G3WvJFwOXyb19qfpvN71Vpjz8uT7DSqzlvMtpYe3hsRVDF63R40uYqlFxgXtg7EBTbbddWs4yNi%2B7FQ9AM6JD3fQbuI%2FhZB8M5MZmjKV1Ruw%3D"}],"group":"cf-nel","max_age":604800}', 'NEL': '{"success_fraction":0,"report_to":"cf-nel","max_age":604800}', 'Server': 'cloudflare', 'CF-RAY': '8ab020d13ba54e1c-HEL', 'Content-Encoding': 'gzip'} 
 body={"data":[{"ID Nation":"01000US","Nation":"United States","ID Year":2022,"Year":"2022","Population":331097593,"Slug Nation":"united-states"}],"source":[{"measures":["Population"],"annotations":{"source_name":"Census Bureau","source_description":"The American Community Survey (ACS) is conducted by the US Census and sent to a portion of the population every year.","dataset_name":"ACS 5-year Estimate","dataset_link":"http://www.census.gov/programs-surveys/acs/","table_id":"B01003","topic":"Diversity","subtopic":"Demographics"},"name":"acs_yg_total_population_5","substitutions":[]}]} 
 </msg>
<msg timestamp="20240730 00:16:07.940" level="INFO">C:\Program Files\Python310\lib\site-packages\urllib3\connectionpool.py:1045: InsecureRequestWarning: Unverified HTTPS request is being made to host 'datausa.io'. Adding certificate verification is strongly advised. See: https://urllib3.readthedocs.io/en/1.26.x/advanced-usage.html#ssl-warnings
  warnings.warn(</msg>
<msg timestamp="20240730 00:16:07.940" level="INFO">${response} = &lt;Response [200]&gt;</msg>
<status status="PASS" starttime="20240730 00:16:07.699" endtime="20240730 00:16:07.940"/>
</kw>
<kw name="Convert To String" library="BuiltIn">
<var>${response_code}</var>
<arg>${response.status_code}</arg>
<doc>Converts the given item to a Unicode string.</doc>
<msg timestamp="20240730 00:16:07.940" level="INFO">${response_code} = 200</msg>
<status status="PASS" starttime="20240730 00:16:07.940" endtime="20240730 00:16:07.940"/>
</kw>
<kw name="Should Be Equal" library="BuiltIn">
<arg>${response_code}</arg>
<arg>200</arg>
<doc>Fails if the given objects are unequal.</doc>
<status status="PASS" starttime="20240730 00:16:07.940" endtime="20240730 00:16:07.940"/>
</kw>
<kw name="Get From Dictionary" library="Collections">
<var>${content_format}</var>
<arg>${response.headers}</arg>
<arg>Content-Type</arg>
<doc>Returns a value from the given ``dictionary`` based on the given ``key``.</doc>
<msg timestamp="20240730 00:16:07.940" level="INFO">${content_format} = application/json; charset=utf-8</msg>
<status status="PASS" starttime="20240730 00:16:07.940" endtime="20240730 00:16:07.940"/>
</kw>
<kw name="Should Be Equal" library="BuiltIn">
<arg>${content_format}</arg>
<arg>application/json; charset=utf-8</arg>
<doc>Fails if the given objects are unequal.</doc>
<status status="PASS" starttime="20240730 00:16:07.940" endtime="20240730 00:16:07.940"/>
</kw>
<doc>This test case verifies that the response code of the GET Request should be 200
and the data should have expected format.</doc>
<status status="PASS" starttime="20240730 00:16:07.699" endtime="20240730 00:16:07.949"/>
</test>
<test id="s1-t2" name="Unsuccessful scenario with wrong parameters" line="28">
<kw name="Create Session" library="RequestsLibrary">
<arg>mysession</arg>
<arg>https://datausa.io</arg>
<doc>Create Session: create a HTTP session to a server</doc>
<msg timestamp="20240730 00:16:07.952" level="INFO">Creating Session using : alias=mysession, url=https://datausa.io, headers={},                     cookies={}, auth=None, timeout=None, proxies=None, verify=False,                     debug=0 </msg>
<status status="PASS" starttime="20240730 00:16:07.952" endtime="20240730 00:16:07.952"/>
</kw>
<kw name="GET On Session" library="RequestsLibrary">
<var>${response}</var>
<arg>mysession</arg>
<arg>/api/data?${wrong_parameters}</arg>
<doc>Sends a GET request on a previously created HTTP Session.</doc>
<msg timestamp="20240730 00:16:08.009" level="INFO">GET Request : url=https://datausa.io/api/data?xyz=abc&amp;nanana=pppppppp 
 path_url=/api/data?xyz=abc&amp;nanana=pppppppp 
 headers={'User-Agent': 'python-requests/2.28.1', 'Accept-Encoding': 'gzip, deflate', 'Accept': '*/*', 'Connection': 'keep-alive'} 
 body=None 
 </msg>
<msg timestamp="20240730 00:16:08.009" level="INFO">GET Response : url=https://datausa.io/api/data?xyz=abc&amp;nanana=pppppppp 
 status=200, reason=OK 
 headers={'Date': 'Mon, 29 Jul 2024 21:16:07 GMT', 'Content-Type': 'application/json; charset=utf-8', 'Transfer-Encoding': 'chunked', 'Connection': 'keep-alive', 'x-dns-prefetch-control': 'off', 'strict-transport-security': 'max-age=15552000; includeSubDomains, max-age=15552000; includeSubDomains', 'x-download-options': 'noopen', 'x-content-type-options': 'nosniff', 'x-xss-protection': '1; mode=block', 'content-language': 'en', 'etag': 'W/"34-trxdzn++C4vqUaBv6RmES3WpM+4"', 'vary': 'Accept-Encoding', 'last-modified': 'Mon, 29 Jul 2024 20:08:49 GMT', 'x-cache-status': 'MISS', 'x-frame-options': 'SAMEORIGIN', 'access-control-allow-origin': '*', 'access-control-allow-credentials': 'true', 'access-control-allow-methods': 'GET, POST, OPTIONS', 'access-control-allow-headers': 'DNT,X-CustomHeader,Keep-Alive,User-Agent,X-Requested-With,If-Modified-Since,Cache-Control,Content-Type', 'referrer-policy': 'no-referrer', 'x-host': 'datausa.io', 'x-cache-key': 'https://datausa.io/api/data?xyz=abc&amp;nanana=pppppppp', 'Cache-Control': 'max-age=1800', 'CF-Cache-Status': 'HIT', 'Age': '4038', 'Report-To': '{"endpoints":[{"url":"https:\\/\\/a.nel.cloudflare.com\\/report\\/v4?s=%2B7QHcRH9xzNf5ut03F3CEImGSjJF5LIzqEOG4c2hAR7%2BJ6ibx6kGIxXKzGkutF4FRl82kArnPu68xy60ToyE8EqWG74aqgcYT3emRfqpm1XGAOFKy7P91eKvDms%3D"}],"group":"cf-nel","max_age":604800}', 'NEL': '{"success_fraction":0,"report_to":"cf-nel","max_age":604800}', 'Server': 'cloudflare', 'CF-RAY': '8ab020d1b9758d86-HEL', 'Content-Encoding': 'gzip'} 
 body={"error":"Query must contain at least one measure."} 
 </msg>
<msg timestamp="20240730 00:16:08.009" level="INFO">C:\Program Files\Python310\lib\site-packages\urllib3\connectionpool.py:1045: InsecureRequestWarning: Unverified HTTPS request is being made to host 'datausa.io'. Adding certificate verification is strongly advised. See: https://urllib3.readthedocs.io/en/1.26.x/advanced-usage.html#ssl-warnings
  warnings.warn(</msg>
<msg timestamp="20240730 00:16:08.009" level="INFO">${response} = &lt;Response [200]&gt;</msg>
<status status="PASS" starttime="20240730 00:16:07.952" endtime="20240730 00:16:08.009"/>
</kw>
<kw name="Convert To String" library="BuiltIn">
<var>${response_code}</var>
<arg>${response.status_code}</arg>
<doc>Converts the given item to a Unicode string.</doc>
<msg timestamp="20240730 00:16:08.009" level="INFO">${response_code} = 200</msg>
<status status="PASS" starttime="20240730 00:16:08.009" endtime="20240730 00:16:08.009"/>
</kw>
<kw name="Should Be Equal" library="BuiltIn">
<arg>${response_code}</arg>
<arg>200</arg>
<doc>Fails if the given objects are unequal.</doc>
<status status="PASS" starttime="20240730 00:16:08.009" endtime="20240730 00:16:08.009"/>
</kw>
<kw name="Convert To String" library="BuiltIn">
<var>${response_body}</var>
<arg>${response.content}</arg>
<doc>Converts the given item to a Unicode string.</doc>
<msg timestamp="20240730 00:16:08.017" level="INFO">${response_body} = {"error":"Query must contain at least one measure."}</msg>
<status status="PASS" starttime="20240730 00:16:08.017" endtime="20240730 00:16:08.019"/>
</kw>
<kw name="Should Be Equal" library="BuiltIn">
<arg>${response_body}</arg>
<arg>{"error":"Query must contain at least one measure."}</arg>
<doc>Fails if the given objects are unequal.</doc>
<status status="PASS" starttime="20240730 00:16:08.019" endtime="20240730 00:16:08.019"/>
</kw>
<doc>This test case verifies the response code, it should be 200 as session has been created.
This test is also validating error code occured because of wrong parameters we provided above.
The body should contain error code rather than actual population data of USA.</doc>
<status status="PASS" starttime="20240730 00:16:07.951" endtime="20240730 00:16:08.019"/>
</test>
<doc>Assignment Part-1: API Testing in Robot Framework</doc>
<status status="PASS" starttime="20240730 00:16:07.519" endtime="20240730 00:16:08.019"/>
</suite>
<statistics>
<total>
<stat pass="2" fail="0" skip="0">All Tests</stat>
</total>
<tag>
</tag>
<suite>
<stat pass="2" fail="0" skip="0" id="s1" name="API">API</stat>
</suite>
</statistics>
<errors>
</errors>
</robot>
